12:43:46.405 [main] [DEBUG] [com.pparate.utils.ListPrograms] - Initiated processing
12:43:46.411 [pool-2-thread-2] [DEBUG] [com.pparate.utils.ListPrograms] - Processing file: D:\Trash\ProgramDetailsTest\d1\f12.java
12:43:46.411 [pool-2-thread-1] [DEBUG] [com.pparate.utils.ListPrograms] - Processing file: D:\Trash\ProgramDetailsTest\d1\f11.java
12:43:46.413 [pool-2-thread-2] [DEBUG] [com.pparate.utils.ListPrograms] - // #who: me
12:43:46.413 [pool-2-thread-1] [DEBUG] [com.pparate.utils.ListPrograms] - package abc.com
12:43:46.413 [pool-2-thread-4] [DEBUG] [com.pparate.utils.ListPrograms] - Processing file: D:\Trash\ProgramDetailsTest\d2\f21.java
12:43:46.415 [pool-2-thread-1] [DEBUG] [com.pparate.utils.ListPrograms] - 
12:43:46.415 [pool-2-thread-1] [DEBUG] [com.pparate.utils.ListPrograms] - /*
12:43:46.416 [pool-2-thread-4] [DEBUG] [com.pparate.utils.ListPrograms] - package abc.com
12:43:46.416 [pool-2-thread-2] [DEBUG] [com.pparate.utils.ListPrograms] - Processing file: D:\Trash\ProgramDetailsTest\f1.java
12:43:46.416 [pool-2-thread-4] [DEBUG] [com.pparate.utils.ListPrograms] - 
12:43:46.416 [pool-2-thread-1] [DEBUG] [com.pparate.utils.ListPrograms] - First Comment in file f11.java -- /*
12:43:46.417 [pool-2-thread-4] [DEBUG] [com.pparate.utils.ListPrograms] - class f21 {
12:43:46.417 [pool-2-thread-1] [DEBUG] [com.pparate.utils.ListPrograms] - 
12:43:46.417 [pool-2-thread-4] [DEBUG] [com.pparate.utils.ListPrograms] - 	
12:43:46.417 [pool-2-thread-1] [DEBUG] [com.pparate.utils.ListPrograms] - First Comment in file f11.java -- 
12:43:46.417 [pool-2-thread-4] [DEBUG] [com.pparate.utils.ListPrograms] - 	/* #details_in-class: something here has to go
12:43:46.417 [pool-2-thread-1] [DEBUG] [com.pparate.utils.ListPrograms] -   //#what to do: fly
12:43:46.417 [pool-2-thread-4] [DEBUG] [com.pparate.utils.ListPrograms] - First Comment in file f21.java -- 	/* #details_in-class: something here has to go
12:43:46.417 [pool-2-thread-1] [DEBUG] [com.pparate.utils.ListPrograms] - First Comment in file f11.java --   //#what to do: fly
12:43:46.417 [pool-2-thread-4] [DEBUG] [com.pparate.utils.ListPrograms] - 	 * #test001: some text in single line
12:43:46.417 [pool-2-thread-1] [DEBUG] [com.pparate.utils.ListPrograms] -   //
12:43:46.417 [pool-2-thread-4] [DEBUG] [com.pparate.utils.ListPrograms] - First Comment in file f21.java -- 	 * #test001: some text in single line
12:43:46.417 [pool-2-thread-1] [DEBUG] [com.pparate.utils.ListPrograms] - First Comment in file f11.java --   //
12:43:46.417 [pool-2-thread-4] [DEBUG] [com.pparate.utils.ListPrograms] - 	 * #test002: some text in 
12:43:46.417 [pool-2-thread-1] [DEBUG] [com.pparate.utils.ListPrograms] -   //#how to do:  just get some nice jumping shoes and jump
12:43:46.417 [pool-2-thread-4] [DEBUG] [com.pparate.utils.ListPrograms] - First Comment in file f21.java -- 	 * #test002: some text in 
12:43:46.417 [pool-2-thread-2] [DEBUG] [com.pparate.utils.ListPrograms] - /*
12:43:46.418 [pool-2-thread-1] [DEBUG] [com.pparate.utils.ListPrograms] - First Comment in file f11.java --   //#how to do:  just get some nice jumping shoes and jump
12:43:46.418 [pool-2-thread-4] [DEBUG] [com.pparate.utils.ListPrograms] - 	 *			 multi lines */
12:43:46.418 [pool-2-thread-2] [DEBUG] [com.pparate.utils.ListPrograms] - First Comment in file f1.java -- /*
12:43:46.418 [pool-2-thread-1] [DEBUG] [com.pparate.utils.ListPrograms] - 
12:43:46.418 [pool-2-thread-2] [DEBUG] [com.pparate.utils.ListPrograms] - 
12:43:46.418 [pool-2-thread-4] [DEBUG] [com.pparate.utils.ListPrograms] - Processing file: D:\Trash\ProgramDetailsTest\f2.java
12:43:46.418 [pool-2-thread-1] [DEBUG] [com.pparate.utils.ListPrograms] - First Comment in file f11.java -- 
12:43:46.418 [pool-2-thread-2] [DEBUG] [com.pparate.utils.ListPrograms] - First Comment in file f1.java -- 
12:43:46.418 [pool-2-thread-1] [DEBUG] [com.pparate.utils.ListPrograms] - */
12:43:46.418 [pool-2-thread-2] [DEBUG] [com.pparate.utils.ListPrograms] -   #purpose: to jump out of window
12:43:46.418 [pool-2-thread-2] [DEBUG] [com.pparate.utils.ListPrograms] - First Comment in file f1.java --   #purpose: to jump out of window
12:43:46.418 [pool-2-thread-2] [DEBUG] [com.pparate.utils.ListPrograms] -   
12:43:46.418 [pool-2-thread-2] [DEBUG] [com.pparate.utils.ListPrograms] - First Comment in file f1.java --   
12:43:46.419 [pool-2-thread-2] [DEBUG] [com.pparate.utils.ListPrograms] -   #logic: 1. just get some nice jumping shoes
12:43:46.419 [pool-2-thread-2] [DEBUG] [com.pparate.utils.ListPrograms] - First Comment in file f1.java --   #logic: 1. just get some nice jumping shoes
12:43:46.419 [pool-2-thread-2] [DEBUG] [com.pparate.utils.ListPrograms] - 		  2. get trampolene
12:43:46.419 [pool-2-thread-2] [DEBUG] [com.pparate.utils.ListPrograms] - First Comment in file f1.java -- 		  2. get trampolene
12:43:46.419 [pool-2-thread-2] [DEBUG] [com.pparate.utils.ListPrograms] - 		  3. jump
12:43:46.419 [pool-2-thread-4] [DEBUG] [com.pparate.utils.ListPrograms] - 
12:43:46.419 [pool-2-thread-2] [DEBUG] [com.pparate.utils.ListPrograms] - First Comment in file f1.java -- 		  3. jump
12:43:46.419 [pool-2-thread-4] [DEBUG] [com.pparate.utils.ListPrograms] -   //#purpose: to jump out of window
12:43:46.419 [pool-2-thread-2] [DEBUG] [com.pparate.utils.ListPrograms] - 		  
12:43:46.419 [pool-2-thread-2] [DEBUG] [com.pparate.utils.ListPrograms] - First Comment in file f1.java -- 		  
12:43:46.419 [pool-2-thread-2] [DEBUG] [com.pparate.utils.ListPrograms] -   #author : me
12:43:46.420 [pool-2-thread-2] [DEBUG] [com.pparate.utils.ListPrograms] - First Comment in file f1.java --   #author : me
12:43:46.420 [pool-2-thread-2] [DEBUG] [com.pparate.utils.ListPrograms] - 
12:43:46.420 [pool-2-thread-2] [DEBUG] [com.pparate.utils.ListPrograms] - First Comment in file f1.java -- 
12:43:46.413 [pool-2-thread-3] [DEBUG] [com.pparate.utils.ListPrograms] - Processing file: D:\Trash\ProgramDetailsTest\d2\d21\f211.java
12:43:46.420 [pool-2-thread-2] [DEBUG] [com.pparate.utils.ListPrograms] - */
