12:47:03.334 [main] [DEBUG] [com.pparate.utils.ListPrograms] - Initiated processing
12:47:03.343 [pool-2-thread-1] [DEBUG] [com.pparate.utils.ListPrograms] - Processing file: D:\Trash\ProgramDetailsTest\d1\f11.java
12:47:03.348 [pool-2-thread-2] [DEBUG] [com.pparate.utils.ListPrograms] - Processing file: D:\Trash\ProgramDetailsTest\d1\f12.java
12:47:03.350 [pool-2-thread-1] [DEBUG] [com.pparate.utils.ListPrograms] - First Comment in file f11.java -- /*
12:47:03.350 [pool-2-thread-2] [DEBUG] [com.pparate.utils.ListPrograms] - Processing file: D:\Trash\ProgramDetailsTest\f1.java
12:47:03.350 [pool-2-thread-1] [DEBUG] [com.pparate.utils.ListPrograms] - First Comment in file f11.java -- 
12:47:03.350 [pool-2-thread-1] [DEBUG] [com.pparate.utils.ListPrograms] - First Comment in file f11.java --   //#what to do: fly
12:47:03.350 [pool-2-thread-1] [DEBUG] [com.pparate.utils.ListPrograms] - First Comment in file f11.java --   //
12:47:03.350 [pool-2-thread-1] [DEBUG] [com.pparate.utils.ListPrograms] - First Comment in file f11.java --   //#how to do:  just get some nice jumping shoes and jump
12:47:03.350 [pool-2-thread-1] [DEBUG] [com.pparate.utils.ListPrograms] - First Comment in file f11.java -- 
12:47:03.351 [pool-2-thread-1] [DEBUG] [com.pparate.utils.ListPrograms] - Processing file: D:\Trash\ProgramDetailsTest\f2.java
12:47:03.349 [pool-2-thread-3] [DEBUG] [com.pparate.utils.ListPrograms] - Processing file: D:\Trash\ProgramDetailsTest\d2\d21\f211.java
12:47:03.351 [pool-2-thread-2] [DEBUG] [com.pparate.utils.ListPrograms] - First Comment in file f1.java -- /*
12:47:03.351 [pool-2-thread-2] [DEBUG] [com.pparate.utils.ListPrograms] - First Comment in file f1.java -- 
12:47:03.351 [pool-2-thread-2] [DEBUG] [com.pparate.utils.ListPrograms] - First Comment in file f1.java --   #purpose: to jump out of window
12:47:03.352 [pool-2-thread-2] [DEBUG] [com.pparate.utils.ListPrograms] - First Comment in file f1.java --   
12:47:03.352 [pool-2-thread-2] [DEBUG] [com.pparate.utils.ListPrograms] - First Comment in file f1.java --   #logic: 1. just get some nice jumping shoes
12:47:03.352 [pool-2-thread-2] [DEBUG] [com.pparate.utils.ListPrograms] - First Comment in file f1.java -- 		  2. get trampolene
12:47:03.352 [pool-2-thread-2] [DEBUG] [com.pparate.utils.ListPrograms] - First Comment in file f1.java -- 		  3. jump
12:47:03.352 [pool-2-thread-2] [DEBUG] [com.pparate.utils.ListPrograms] - First Comment in file f1.java -- 		  
12:47:03.352 [pool-2-thread-2] [DEBUG] [com.pparate.utils.ListPrograms] - First Comment in file f1.java --   #author : me
12:47:03.352 [pool-2-thread-2] [DEBUG] [com.pparate.utils.ListPrograms] - First Comment in file f1.java -- 
12:47:03.352 [pool-2-thread-4] [DEBUG] [com.pparate.utils.ListPrograms] - Processing file: D:\Trash\ProgramDetailsTest\d2\f21.java
12:47:03.353 [pool-2-thread-4] [DEBUG] [com.pparate.utils.ListPrograms] - First Comment in file f21.java -- 	/* #details_in-class: something here has to go
12:47:03.353 [pool-2-thread-4] [DEBUG] [com.pparate.utils.ListPrograms] - First Comment in file f21.java -- 	 * #test001: some text in single line
12:47:03.353 [pool-2-thread-4] [DEBUG] [com.pparate.utils.ListPrograms] - First Comment in file f21.java -- 	 * #test002: some text in 
